<?xml version="1.0" encoding="UTF-8"?>
<!-- Generated by org.testng.reporters.JUnitReportReporter -->
<testsuite skipped="0" hostname="Admin-PC" name="API.AssertionsinAPITesting" tests="7" failures="0" timestamp="2021-08-07T16:06:20 ICT" time="7.733" errors="0">
  <testcase name="post_201" time="0.498" classname="API.AssertionsinAPITesting"/>
  <system-out/>
  <testcase name="post_400" time="0.386" classname="API.AssertionsinAPITesting"/>
  <system-out/>
  <testcase name="post_201" time="0.568" classname="API.AssertionsinAPITesting"/>
  <system-out/>
  <testcase name="post_400" time="0.362" classname="API.AssertionsinAPITesting"/>
  <system-out/>
  <testcase name="post_400" time="0.420" classname="API.AssertionsinAPITesting"/>
  <system-out/>
  <testcase name="post_400" time="0.389" classname="API.AssertionsinAPITesting"/>
  <system-out/>
  <testcase name="post_201" time="5.110" classname="API.AssertionsinAPITesting"/>
  <system-out/>
</testsuite> <!-- API.AssertionsinAPITesting -->
