<?xml version="1.0" encoding="UTF-8"?>
<!-- Generated by org.testng.reporters.JUnitReportReporter -->
<testsuite hostname="Admin-PC" failures="0" tests="1" name="API.AssertionsinAPITesting" time="15.555" errors="0" timestamp="2021-07-29T14:53:56 ICT" skipped="0">
  <testcase classname="API.AssertionsinAPITesting" name="postUser3_Excel" time="15.555"/>
  <system-out/>
</testsuite> <!-- API.AssertionsinAPITesting -->
