<?xml version="1.0" encoding="UTF-8"?>
<!-- Generated by org.testng.reporters.JUnitReportReporter -->
<testsuite hostname="Admin-PC" failures="0" tests="1" name="API.GET" time="4.480" errors="0" timestamp="2021-07-10T20:23:53 ICT" skipped="0">
  <testcase classname="API.GET" name="Test_01" time="4.480"/>
  <system-out/>
</testsuite> <!-- API.GET -->
