<?xml version="1.0" encoding="UTF-8"?>
<!-- Generated by org.testng.reporters.JUnitReportReporter -->
<testsuite hostname="Admin-PC" failures="0" tests="1" name="API.POST" time="3.666" errors="0" timestamp="2021-07-11T15:34:40 ICT" skipped="0">
  <testcase classname="API.POST" name="test_excel_post" time="3.666"/>
  <system-out/>
</testsuite> <!-- API.POST -->
