<?xml version="1.0" encoding="UTF-8"?>
<!-- Generated by org.testng.reporters.JUnitReportReporter -->
<testsuite hostname="Admin-PC" failures="0" tests="1" name="API.POST" time="3.406" errors="0" timestamp="2021-07-21T15:39:54 ICT" skipped="0">
  <testcase classname="API.POST" name="RegistrationSuccessful" time="3.406"/>
  <system-out/>
</testsuite> <!-- API.POST -->
