<?xml version="1.0" encoding="UTF-8"?>
<!-- Generated by org.testng.reporters.JUnitReportReporter -->
<testsuite skipped="0" hostname="Admin-PC" name="API.AssertionsinAPITesting" tests="3" failures="0" timestamp="2021-08-07T11:09:36 ICT" time="5.004" errors="0">
  <testcase name="post_400" time="0.483" classname="API.AssertionsinAPITesting"/>
  <system-out/>
  <testcase name="post_400" time="3.976" classname="API.AssertionsinAPITesting"/>
  <system-out/>
  <testcase name="post_400" time="0.545" classname="API.AssertionsinAPITesting"/>
  <system-out/>
</testsuite> <!-- API.AssertionsinAPITesting -->
